1746710502.462342 client started (84862): version 3.5a, socket /private/tmp/tmux-501/default, protocol 8
1746710502.462384 on Darwin 24.4.0 Darwin Kernel Version 24.4.0: Fri Apr 11 18:28:23 PDT 2025; root:xnu-11417.101.15~117/RELEASE_X86_64
1746710502.462399 using libevent 2.1.12-stable select
1746710502.462595 using utf8proc 2.10.0
1746710502.462605 using ncurses 6.5 20240427
1746710502.462630 flags are 0x18010000
1746710502.462639 socket is /private/tmp/tmux-501/default
1746710502.462652 trying connect
1746710502.462667 connect failed: No such file or directory
1746710502.462681 lock file is /private/tmp/tmux-501/default.lock
1746710502.462769 flock succeeded
1746710502.462778 got lock (6)
1746710502.462788 trying connect
1746710502.462800 connect failed: No such file or directory
1746710502.463409 add peer 0x7fe588008000: 7 (0x0)
1746710502.467179 sending message 111 to peer 0x7fe588008000 (8 bytes)
1746710502.467196 sending message 111 to peer 0x7fe588008000 (8 bytes)
1746710502.467208 sending message 101 to peer 0x7fe588008000 (14 bytes)
1746710502.467215 sending message 109 to peer 0x7fe588008000 (4 bytes)
1746710502.467223 sending message 102 to peer 0x7fe588008000 (13 bytes)
1746710502.467230 sending message 108 to peer 0x7fe588008000 (33 bytes)
1746710502.467236 sending message 112 to peer 0x7fe588008000 (70 bytes)
1746710502.467243 sending message 112 to peer 0x7fe588008000 (5 bytes)
1746710502.467250 sending message 112 to peer 0x7fe588008000 (5 bytes)
1746710502.467256 sending message 112 to peer 0x7fe588008000 (6 bytes)
1746710502.467264 sending message 112 to peer 0x7fe588008000 (6 bytes)
1746710502.467273 sending message 112 to peer 0x7fe588008000 (11 bytes)
1746710502.467279 sending message 112 to peer 0x7fe588008000 (10 bytes)
1746710502.467287 sending message 112 to peer 0x7fe588008000 (13 bytes)
1746710502.467294 sending message 112 to peer 0x7fe588008000 (14 bytes)
1746710502.467301 sending message 112 to peer 0x7fe588008000 (9 bytes)
1746710502.467308 sending message 112 to peer 0x7fe588008000 (21 bytes)
1746710502.467314 sending message 112 to peer 0x7fe588008000 (19 bytes)
1746710502.467321 sending message 112 to peer 0x7fe588008000 (11 bytes)
1746710502.467328 sending message 112 to peer 0x7fe588008000 (21 bytes)
1746710502.467338 sending message 112 to peer 0x7fe588008000 (13 bytes)
1746710502.467345 sending message 112 to peer 0x7fe588008000 (7 bytes)
1746710502.467352 sending message 112 to peer 0x7fe588008000 (13 bytes)
1746710502.467358 sending message 112 to peer 0x7fe588008000 (7 bytes)
1746710502.467365 sending message 112 to peer 0x7fe588008000 (13 bytes)
1746710502.467371 sending message 112 to peer 0x7fe588008000 (9 bytes)
1746710502.467378 sending message 112 to peer 0x7fe588008000 (21 bytes)
1746710502.467385 sending message 112 to peer 0x7fe588008000 (13 bytes)
1746710502.467392 sending message 112 to peer 0x7fe588008000 (9 bytes)
1746710502.467399 sending message 112 to peer 0x7fe588008000 (16 bytes)
1746710502.467408 sending message 112 to peer 0x7fe588008000 (13 bytes)
1746710502.467414 sending message 112 to peer 0x7fe588008000 (9 bytes)
1746710502.467421 sending message 112 to peer 0x7fe588008000 (9 bytes)
1746710502.467427 sending message 112 to peer 0x7fe588008000 (12 bytes)
1746710502.467434 sending message 112 to peer 0x7fe588008000 (8 bytes)
1746710502.467441 sending message 112 to peer 0x7fe588008000 (12 bytes)
1746710502.467448 sending message 112 to peer 0x7fe588008000 (8 bytes)
1746710502.467455 sending message 112 to peer 0x7fe588008000 (13 bytes)
1746710502.467461 sending message 112 to peer 0x7fe588008000 (7 bytes)
1746710502.467468 sending message 112 to peer 0x7fe588008000 (7 bytes)
1746710502.467477 sending message 112 to peer 0x7fe588008000 (9 bytes)
1746710502.467484 sending message 112 to peer 0x7fe588008000 (12 bytes)
1746710502.467491 sending message 112 to peer 0x7fe588008000 (6 bytes)
1746710502.467498 sending message 112 to peer 0x7fe588008000 (9 bytes)
1746710502.467505 sending message 112 to peer 0x7fe588008000 (15 bytes)
1746710502.467512 sending message 112 to peer 0x7fe588008000 (13 bytes)
1746710502.467529 sending message 112 to peer 0x7fe588008000 (9 bytes)
1746710502.467535 sending message 112 to peer 0x7fe588008000 (12 bytes)
1746710502.467543 sending message 112 to peer 0x7fe588008000 (8 bytes)
1746710502.467548 sending message 112 to peer 0x7fe588008000 (14 bytes)
1746710502.467552 sending message 112 to peer 0x7fe588008000 (11 bytes)
1746710502.467558 sending message 112 to peer 0x7fe588008000 (9 bytes)
1746710502.467562 sending message 112 to peer 0x7fe588008000 (10 bytes)
1746710502.467566 sending message 112 to peer 0x7fe588008000 (10 bytes)
1746710502.467570 sending message 112 to peer 0x7fe588008000 (10 bytes)
1746710502.467576 sending message 112 to peer 0x7fe588008000 (10 bytes)
1746710502.467581 sending message 112 to peer 0x7fe588008000 (11 bytes)
1746710502.467585 sending message 112 to peer 0x7fe588008000 (12 bytes)
1746710502.467593 sending message 112 to peer 0x7fe588008000 (12 bytes)
1746710502.467598 sending message 112 to peer 0x7fe588008000 (12 bytes)
1746710502.467603 sending message 112 to peer 0x7fe588008000 (12 bytes)
1746710502.467610 sending message 112 to peer 0x7fe588008000 (12 bytes)
1746710502.467616 sending message 112 to peer 0x7fe588008000 (11 bytes)
1746710502.467620 sending message 112 to peer 0x7fe588008000 (11 bytes)
1746710502.467625 sending message 112 to peer 0x7fe588008000 (12 bytes)
1746710502.467630 sending message 112 to peer 0x7fe588008000 (12 bytes)
1746710502.467635 sending message 112 to peer 0x7fe588008000 (12 bytes)
1746710502.467640 sending message 112 to peer 0x7fe588008000 (12 bytes)
1746710502.467645 sending message 112 to peer 0x7fe588008000 (12 bytes)
1746710502.467650 sending message 112 to peer 0x7fe588008000 (9 bytes)
1746710502.467655 sending message 112 to peer 0x7fe588008000 (12 bytes)
1746710502.467659 sending message 112 to peer 0x7fe588008000 (13 bytes)
1746710502.467664 sending message 112 to peer 0x7fe588008000 (13 bytes)
1746710502.467669 sending message 112 to peer 0x7fe588008000 (13 bytes)
1746710502.467677 sending message 112 to peer 0x7fe588008000 (13 bytes)
1746710502.467682 sending message 112 to peer 0x7fe588008000 (13 bytes)
1746710502.467686 sending message 112 to peer 0x7fe588008000 (8 bytes)
1746710502.467691 sending message 112 to peer 0x7fe588008000 (11 bytes)
1746710502.467696 sending message 112 to peer 0x7fe588008000 (11 bytes)
1746710502.467702 sending message 112 to peer 0x7fe588008000 (11 bytes)
1746710502.467707 sending message 112 to peer 0x7fe588008000 (12 bytes)
1746710502.467712 sending message 112 to peer 0x7fe588008000 (12 bytes)
1746710502.467717 sending message 112 to peer 0x7fe588008000 (12 bytes)
1746710502.467722 sending message 112 to peer 0x7fe588008000 (12 bytes)
1746710502.467726 sending message 112 to peer 0x7fe588008000 (13 bytes)
1746710502.467730 sending message 112 to peer 0x7fe588008000 (13 bytes)
1746710502.467735 sending message 112 to peer 0x7fe588008000 (13 bytes)
1746710502.467742 sending message 112 to peer 0x7fe588008000 (8 bytes)
1746710502.467748 sending message 112 to peer 0x7fe588008000 (13 bytes)
1746710502.467754 sending message 112 to peer 0x7fe588008000 (13 bytes)
1746710502.467759 sending message 112 to peer 0x7fe588008000 (13 bytes)
1746710502.467764 sending message 112 to peer 0x7fe588008000 (13 bytes)
1746710502.467769 sending message 112 to peer 0x7fe588008000 (13 bytes)
1746710502.467774 sending message 112 to peer 0x7fe588008000 (12 bytes)
1746710502.467779 sending message 112 to peer 0x7fe588008000 (12 bytes)
1746710502.467784 sending message 112 to peer 0x7fe588008000 (12 bytes)
1746710502.467789 sending message 112 to peer 0x7fe588008000 (12 bytes)
1746710502.467794 sending message 112 to peer 0x7fe588008000 (13 bytes)
1746710502.467798 sending message 112 to peer 0x7fe588008000 (8 bytes)
1746710502.467803 sending message 112 to peer 0x7fe588008000 (13 bytes)
1746710502.467811 sending message 112 to peer 0x7fe588008000 (13 bytes)
1746710502.467817 sending message 112 to peer 0x7fe588008000 (13 bytes)
1746710502.467821 sending message 112 to peer 0x7fe588008000 (13 bytes)
1746710502.467835 sending message 112 to peer 0x7fe588008000 (13 bytes)
1746710502.467841 sending message 112 to peer 0x7fe588008000 (13 bytes)
1746710502.467846 sending message 112 to peer 0x7fe588008000 (13 bytes)
1746710502.467851 sending message 112 to peer 0x7fe588008000 (12 bytes)
1746710502.467856 sending message 112 to peer 0x7fe588008000 (12 bytes)
1746710502.467860 sending message 112 to peer 0x7fe588008000 (12 bytes)
1746710502.467865 sending message 112 to peer 0x7fe588008000 (8 bytes)
1746710502.467870 sending message 112 to peer 0x7fe588008000 (12 bytes)
1746710502.467877 sending message 112 to peer 0x7fe588008000 (13 bytes)
1746710502.467883 sending message 112 to peer 0x7fe588008000 (13 bytes)
1746710502.467888 sending message 112 to peer 0x7fe588008000 (13 bytes)
1746710502.467893 sending message 112 to peer 0x7fe588008000 (13 bytes)
1746710502.467897 sending message 112 to peer 0x7fe588008000 (13 bytes)
1746710502.467901 sending message 112 to peer 0x7fe588008000 (13 bytes)
1746710502.467907 sending message 112 to peer 0x7fe588008000 (13 bytes)
1746710502.467911 sending message 112 to peer 0x7fe588008000 (13 bytes)
1746710502.467916 sending message 112 to peer 0x7fe588008000 (12 bytes)
1746710502.467920 sending message 112 to peer 0x7fe588008000 (10 bytes)
1746710502.467925 sending message 112 to peer 0x7fe588008000 (12 bytes)
1746710502.467933 sending message 112 to peer 0x7fe588008000 (12 bytes)
1746710502.467939 sending message 112 to peer 0x7fe588008000 (12 bytes)
1746710502.467946 sending message 112 to peer 0x7fe588008000 (13 bytes)
1746710502.467952 sending message 112 to peer 0x7fe588008000 (13 bytes)
1746710502.467957 sending message 112 to peer 0x7fe588008000 (13 bytes)
1746710502.467962 sending message 112 to peer 0x7fe588008000 (13 bytes)
1746710502.467966 sending message 112 to peer 0x7fe588008000 (13 bytes)
1746710502.467971 sending message 112 to peer 0x7fe588008000 (13 bytes)
1746710502.467976 sending message 112 to peer 0x7fe588008000 (13 bytes)
1746710502.467981 sending message 112 to peer 0x7fe588008000 (10 bytes)
1746710502.467985 sending message 112 to peer 0x7fe588008000 (13 bytes)
1746710502.467993 sending message 112 to peer 0x7fe588008000 (12 bytes)
1746710502.467999 sending message 112 to peer 0x7fe588008000 (12 bytes)
1746710502.468004 sending message 112 to peer 0x7fe588008000 (12 bytes)
1746710502.468009 sending message 112 to peer 0x7fe588008000 (10 bytes)
1746710502.468016 sending message 112 to peer 0x7fe588008000 (10 bytes)
1746710502.468022 sending message 112 to peer 0x7fe588008000 (10 bytes)
1746710502.468026 sending message 112 to peer 0x7fe588008000 (12 bytes)
1746710502.468031 sending message 112 to peer 0x7fe588008000 (13 bytes)
1746710502.468036 sending message 112 to peer 0x7fe588008000 (13 bytes)
1746710502.468041 sending message 112 to peer 0x7fe588008000 (13 bytes)
1746710502.468045 sending message 112 to peer 0x7fe588008000 (13 bytes)
1746710502.468050 sending message 112 to peer 0x7fe588008000 (13 bytes)
1746710502.468055 sending message 112 to peer 0x7fe588008000 (10 bytes)
1746710502.468060 sending message 112 to peer 0x7fe588008000 (11 bytes)
1746710502.468065 sending message 112 to peer 0x7fe588008000 (12 bytes)
1746710502.468069 sending message 112 to peer 0x7fe588008000 (12 bytes)
1746710502.468074 sending message 112 to peer 0x7fe588008000 (12 bytes)
1746710502.468081 sending message 112 to peer 0x7fe588008000 (12 bytes)
1746710502.468086 sending message 112 to peer 0x7fe588008000 (12 bytes)
1746710502.468091 sending message 112 to peer 0x7fe588008000 (11 bytes)
1746710502.468096 sending message 112 to peer 0x7fe588008000 (12 bytes)
1746710502.468101 sending message 112 to peer 0x7fe588008000 (12 bytes)
1746710502.468106 sending message 112 to peer 0x7fe588008000 (13 bytes)
1746710502.468112 sending message 112 to peer 0x7fe588008000 (13 bytes)
1746710502.468117 sending message 112 to peer 0x7fe588008000 (13 bytes)
1746710502.468121 sending message 112 to peer 0x7fe588008000 (13 bytes)
1746710502.468126 sending message 112 to peer 0x7fe588008000 (13 bytes)
1746710502.468139 sending message 112 to peer 0x7fe588008000 (10 bytes)
1746710502.468144 sending message 112 to peer 0x7fe588008000 (9 bytes)
1746710502.468152 sending message 112 to peer 0x7fe588008000 (12 bytes)
1746710502.468157 sending message 112 to peer 0x7fe588008000 (13 bytes)
1746710502.468161 sending message 112 to peer 0x7fe588008000 (13 bytes)
1746710502.468167 sending message 112 to peer 0x7fe588008000 (13 bytes)
1746710502.468171 sending message 112 to peer 0x7fe588008000 (13 bytes)
1746710502.468175 sending message 112 to peer 0x7fe588008000 (13 bytes)
1746710502.468180 sending message 112 to peer 0x7fe588008000 (9 bytes)
1746710502.468185 sending message 112 to peer 0x7fe588008000 (12 bytes)
1746710502.468190 sending message 112 to peer 0x7fe588008000 (13 bytes)
1746710502.468194 sending message 112 to peer 0x7fe588008000 (13 bytes)
1746710502.468199 sending message 112 to peer 0x7fe588008000 (13 bytes)
1746710502.468204 sending message 112 to peer 0x7fe588008000 (13 bytes)
1746710502.468208 sending message 112 to peer 0x7fe588008000 (13 bytes)
1746710502.468212 sending message 112 to peer 0x7fe588008000 (11 bytes)
1746710502.468218 sending message 112 to peer 0x7fe588008000 (12 bytes)
1746710502.468223 sending message 112 to peer 0x7fe588008000 (13 bytes)
1746710502.468228 sending message 112 to peer 0x7fe588008000 (13 bytes)
1746710502.468232 sending message 112 to peer 0x7fe588008000 (13 bytes)
1746710502.468236 sending message 112 to peer 0x7fe588008000 (13 bytes)
1746710502.468241 sending message 112 to peer 0x7fe588008000 (13 bytes)
1746710502.468246 sending message 112 to peer 0x7fe588008000 (11 bytes)
1746710502.468251 sending message 112 to peer 0x7fe588008000 (12 bytes)
1746710502.468256 sending message 112 to peer 0x7fe588008000 (12 bytes)
1746710502.468261 sending message 112 to peer 0x7fe588008000 (12 bytes)
1746710502.468268 sending message 112 to peer 0x7fe588008000 (12 bytes)
1746710502.468273 sending message 112 to peer 0x7fe588008000 (12 bytes)
1746710502.468278 sending message 112 to peer 0x7fe588008000 (21 bytes)
1746710502.468285 sending message 112 to peer 0x7fe588008000 (12 bytes)
1746710502.468290 sending message 112 to peer 0x7fe588008000 (9 bytes)
1746710502.468295 sending message 112 to peer 0x7fe588008000 (6 bytes)
1746710502.468300 sending message 112 to peer 0x7fe588008000 (13 bytes)
1746710502.468304 sending message 112 to peer 0x7fe588008000 (10 bytes)
1746710502.468309 sending message 112 to peer 0x7fe588008000 (15 bytes)
1746710502.468314 sending message 112 to peer 0x7fe588008000 (13 bytes)
1746710502.468319 sending message 112 to peer 0x7fe588008000 (9 bytes)
1746710502.468325 sending message 112 to peer 0x7fe588008000 (70 bytes)
1746710502.468330 sending message 112 to peer 0x7fe588008000 (69 bytes)
1746710502.468336 sending message 112 to peer 0x7fe588008000 (34 bytes)
1746710502.468341 sending message 112 to peer 0x7fe588008000 (34 bytes)
1746710502.468345 sending message 112 to peer 0x7fe588008000 (70 bytes)
1746710502.468353 sending message 112 to peer 0x7fe588008000 (12 bytes)
1746710502.468359 sending message 112 to peer 0x7fe588008000 (10 bytes)
1746710502.468363 sending message 112 to peer 0x7fe588008000 (10 bytes)
1746710502.468367 sending message 112 to peer 0x7fe588008000 (15 bytes)
1746710502.468372 sending message 112 to peer 0x7fe588008000 (13 bytes)
1746710502.468377 sending message 112 to peer 0x7fe588008000 (10 bytes)
1746710502.468383 sending message 112 to peer 0x7fe588008000 (10 bytes)
1746710502.468388 sending message 112 to peer 0x7fe588008000 (17 bytes)
1746710502.468392 sending message 112 to peer 0x7fe588008000 (10 bytes)
1746710502.468397 sending message 112 to peer 0x7fe588008000 (13 bytes)
1746710502.468402 sending message 112 to peer 0x7fe588008000 (32 bytes)
1746710502.468407 sending message 112 to peer 0x7fe588008000 (5 bytes)
1746710502.468412 sending message 112 to peer 0x7fe588008000 (9 bytes)
1746710502.468418 sending message 112 to peer 0x7fe588008000 (15 bytes)
1746710502.468423 sending message 112 to peer 0x7fe588008000 (5 bytes)
1746710502.468437 sending message 104 to peer 0x7fe588008000 (0 bytes)
1746710502.468443 sending message 110 to peer 0x7fe588008000 (0 bytes)
1746710502.468448 sending message 107 to peer 0x7fe588008000 (4 bytes)
1746710502.468453 sending message 105 to peer 0x7fe588008000 (233 bytes)
1746710502.468458 sending message 105 to peer 0x7fe588008000 (37 bytes)
1746710502.468462 sending message 105 to peer 0x7fe588008000 (75 bytes)
1746710502.468467 sending message 105 to peer 0x7fe588008000 (21 bytes)
1746710502.468472 sending message 105 to peer 0x7fe588008000 (15 bytes)
1746710502.468477 sending message 105 to peer 0x7fe588008000 (19 bytes)
1746710502.468482 sending message 105 to peer 0x7fe588008000 (57 bytes)
1746710502.468490 sending message 105 to peer 0x7fe588008000 (27 bytes)
1746710502.468495 sending message 105 to peer 0x7fe588008000 (15 bytes)
1746710502.468500 sending message 105 to peer 0x7fe588008000 (22 bytes)
1746710502.468506 sending message 105 to peer 0x7fe588008000 (66 bytes)
1746710502.468511 sending message 105 to peer 0x7fe588008000 (33 bytes)
1746710502.468516 sending message 105 to peer 0x7fe588008000 (966 bytes)
1746710502.468521 sending message 105 to peer 0x7fe588008000 (54 bytes)
1746710502.468527 sending message 105 to peer 0x7fe588008000 (43 bytes)
1746710502.468531 sending message 105 to peer 0x7fe588008000 (37 bytes)
1746710502.468536 sending message 105 to peer 0x7fe588008000 (17 bytes)
1746710502.468541 sending message 105 to peer 0x7fe588008000 (14 bytes)
1746710502.468545 sending message 105 to peer 0x7fe588008000 (19 bytes)
1746710502.468550 sending message 105 to peer 0x7fe588008000 (8 bytes)
1746710502.468558 sending message 105 to peer 0x7fe588008000 (22 bytes)
1746710502.468563 sending message 105 to peer 0x7fe588008000 (63 bytes)
1746710502.468569 sending message 105 to peer 0x7fe588008000 (18 bytes)
1746710502.468574 sending message 105 to peer 0x7fe588008000 (98 bytes)
1746710502.468582 sending message 105 to peer 0x7fe588008000 (57 bytes)
1746710502.468587 sending message 105 to peer 0x7fe588008000 (24 bytes)
1746710502.468592 sending message 105 to peer 0x7fe588008000 (20 bytes)
1746710502.468597 sending message 105 to peer 0x7fe588008000 (24 bytes)
1746710502.468602 sending message 105 to peer 0x7fe588008000 (32 bytes)
1746710502.468606 sending message 105 to peer 0x7fe588008000 (12 bytes)
1746710502.468610 sending message 105 to peer 0x7fe588008000 (22 bytes)
1746710502.468615 sending message 105 to peer 0x7fe588008000 (11 bytes)
1746710502.468622 sending message 105 to peer 0x7fe588008000 (8 bytes)
1746710502.468628 sending message 105 to peer 0x7fe588008000 (32 bytes)
1746710502.468633 sending message 105 to peer 0x7fe588008000 (96 bytes)
1746710502.468638 sending message 105 to peer 0x7fe588008000 (57 bytes)
1746710502.468643 sending message 105 to peer 0x7fe588008000 (10 bytes)
1746710502.468647 sending message 105 to peer 0x7fe588008000 (42 bytes)
1746710502.468651 sending message 105 to peer 0x7fe588008000 (39 bytes)
1746710502.468655 sending message 105 to peer 0x7fe588008000 (48 bytes)
1746710502.468660 sending message 105 to peer 0x7fe588008000 (7 bytes)
1746710502.468664 sending message 105 to peer 0x7fe588008000 (11 bytes)
1746710502.468668 sending message 105 to peer 0x7fe588008000 (56 bytes)
1746710502.468673 sending message 105 to peer 0x7fe588008000 (14 bytes)
1746710502.468678 sending message 105 to peer 0x7fe588008000 (34 bytes)
1746710502.468683 sending message 105 to peer 0x7fe588008000 (39 bytes)
1746710502.468687 sending message 105 to peer 0x7fe588008000 (34 bytes)
1746710502.468694 sending message 105 to peer 0x7fe588008000 (22 bytes)
1746710502.468700 sending message 106 to peer 0x7fe588008000 (0 bytes)
1746710502.468753 sending message 200 to peer 0x7fe588008000 (4 bytes)
1746710502.468763 client loop enter
1746710502.468783 client_signal: Child exited: 20
1746710503.278191 peer 0x7fe588008000 message 207
1746710503.278213 sending message 208 to peer 0x7fe588008000 (0 bytes)
1746710508.291834 peer 0x7fe588008000 message 203
1746710508.291856 sending message 205 to peer 0x7fe588008000 (0 bytes)
1746710508.292098 peer 0x7fe588008000 message 204
1746710508.292110 client loop exit
